01:47:00.422 [main] INFO  testCases.TC_0001_Register - *** Starting TC_0001_Register ***
01:47:03.844 [main] INFO  testCases.TC_0001_Register - Clicked on Login/Regisetr Link
01:47:03.929 [main] INFO  testCases.TC_0001_Register - Clicked on Register Tab
01:47:03.930 [main] INFO  testCases.TC_0001_Register - Entering user details for Registration
01:47:04.277 [main] INFO  testCases.TC_0001_Register - Clicked on Register button
01:47:04.277 [main] INFO  testCases.TC_0001_Register - Validating successful Registration message
01:47:14.346 [main] ERROR testCases.TC_0001_Register -  Registration Test Failed
01:47:25.114 [main] INFO  testCases.TC_0002_Login - *** Starting TC_0002_Login ***
01:47:27.601 [main] INFO  testCases.TC_0002_Login - Entering valid credentials to Login
01:55:03.098 [main] INFO  testCases.TC_0002_Login - *** Starting TC_0002_Login ***
01:55:05.705 [main] INFO  testCases.TC_0002_Login - Entering valid credentials to Login
01:57:48.998 [main] INFO  testCases.TC_0002_Login - *** Starting TC_0002_Login ***
01:57:52.082 [main] INFO  testCases.TC_0002_Login - Entering valid credentials to Login
03:11:06.365 [main] INFO  testCases.TC_0001_Register - *** Starting TC_0001_Register ***
03:11:10.424 [main] INFO  testCases.TC_0001_Register - Clicked on Login/Regisetr Link
03:11:10.588 [main] INFO  testCases.TC_0001_Register - Clicked on Register Tab
03:11:10.616 [main] INFO  testCases.TC_0001_Register - Entering user details for Registration
03:11:10.932 [main] INFO  testCases.TC_0001_Register - Clicked on Register button
03:11:10.932 [main] INFO  testCases.TC_0001_Register - Validating successful Registration message
03:11:21.132 [main] ERROR testCases.TC_0001_Register -  Registration Test Failed
03:11:34.379 [main] INFO  testCases.TC_0002_Login - *** Starting TC_0002_Login ***
03:11:37.384 [main] INFO  testCases.TC_0002_Login - Entering valid credentials to Login
